2025-07-06 13:41:16,160 - ERROR - etimad.db - Error initializing connection pool: 1045 (28000): Access denied for user 'ali'@'localhost' (using password: YES)
2025-07-06 13:44:43,439 - ERROR - etimad.db - Error initializing connection pool: 1049 (42000): Unknown database 'etimad_tenders'
2025-07-06 13:45:35,490 - INFO - etimad.db - Database connection pool initialized
2025-07-06 13:45:36,513 - INFO - etimad.db - Database tables initialized
2025-07-06 13:45:36,517 - INFO - etimad.orchestrator - Starting metadata collection phase
2025-07-06 13:46:57,737 - INFO - etimad.db - Database connection pool initialized
2025-07-06 13:46:57,789 - INFO - etimad.db - Database tables initialized
2025-07-06 13:46:57,793 - INFO - etimad.orchestrator - Starting metadata collection phase
2025-07-06 13:47:24,849 - WARNING - etimad.metadata - Error processing card: 'NoneType' object has no attribute 'inner_text'
2025-07-06 13:47:24,865 - WARNING - etimad.metadata - Error processing card: 'NoneType' object has no attribute 'inner_text'
2025-07-06 13:47:24,888 - WARNING - etimad.metadata - Error processing card: 'NoneType' object has no attribute 'inner_text'
2025-07-06 13:47:24,900 - WARNING - etimad.metadata - Error processing card: 'NoneType' object has no attribute 'inner_text'
2025-07-06 13:47:24,909 - WARNING - etimad.metadata - Error processing card: 'NoneType' object has no attribute 'inner_text'
2025-07-06 13:47:24,928 - WARNING - etimad.metadata - Error processing card: 'NoneType' object has no attribute 'inner_text'
2025-07-06 13:47:24,989 - WARNING - etimad.metadata - Error processing card: 'NoneType' object has no attribute 'inner_text'
2025-07-06 13:47:25,001 - WARNING - etimad.metadata - Error processing card: 'NoneType' object has no attribute 'inner_text'
2025-07-06 13:47:25,018 - WARNING - etimad.metadata - Error processing card: 'NoneType' object has no attribute 'inner_text'
2025-07-06 13:47:25,042 - WARNING - etimad.metadata - Error processing card: 'NoneType' object has no attribute 'inner_text'
2025-07-06 13:47:25,073 - WARNING - etimad.metadata - Error processing card: 'NoneType' object has no attribute 'inner_text'
2025-07-06 13:47:25,085 - WARNING - etimad.metadata - Error processing card: 'NoneType' object has no attribute 'inner_text'
2025-07-06 13:47:25,668 - WARNING - etimad.metadata - Error processing card: 'NoneType' object has no attribute 'inner_text'
2025-07-06 13:47:25,684 - WARNING - etimad.metadata - Error processing card: 'NoneType' object has no attribute 'inner_text'
2025-07-06 13:47:25,700 - WARNING - etimad.metadata - Error processing card: 'NoneType' object has no attribute 'inner_text'
2025-07-06 13:47:25,711 - WARNING - etimad.metadata - Error processing card: 'NoneType' object has no attribute 'inner_text'
2025-07-06 13:47:25,724 - WARNING - etimad.metadata - Error processing card: 'NoneType' object has no attribute 'inner_text'
2025-07-06 13:47:25,732 - WARNING - etimad.metadata - Error processing card: 'NoneType' object has no attribute 'inner_text'
2025-07-06 13:47:26,295 - WARNING - etimad.metadata - Error processing card: 'NoneType' object has no attribute 'inner_text'
2025-07-06 13:47:26,302 - WARNING - etimad.metadata - Error processing card: 'NoneType' object has no attribute 'inner_text'
2025-07-06 13:47:26,327 - WARNING - etimad.metadata - Error processing card: 'NoneType' object has no attribute 'inner_text'
2025-07-06 13:47:26,334 - WARNING - etimad.metadata - Error processing card: 'NoneType' object has no attribute 'inner_text'
2025-07-06 13:47:26,350 - WARNING - etimad.metadata - Error processing card: 'NoneType' object has no attribute 'inner_text'
2025-07-06 13:47:26,367 - WARNING - etimad.metadata - Error processing card: 'NoneType' object has no attribute 'inner_text'
2025-07-06 13:47:41,168 - WARNING - etimad.metadata - Error processing card: 'NoneType' object has no attribute 'inner_text'
2025-07-06 13:47:41,172 - WARNING - etimad.metadata - Error processing card: 'NoneType' object has no attribute 'inner_text'
2025-07-06 13:47:41,177 - WARNING - etimad.metadata - Error processing card: 'NoneType' object has no attribute 'inner_text'
2025-07-06 13:47:41,183 - WARNING - etimad.metadata - Error processing card: 'NoneType' object has no attribute 'inner_text'
2025-07-06 13:47:41,187 - WARNING - etimad.metadata - Error processing card: 'NoneType' object has no attribute 'inner_text'
2025-07-06 13:47:41,192 - WARNING - etimad.metadata - Error processing card: 'NoneType' object has no attribute 'inner_text'
2025-07-06 13:47:42,113 - WARNING - etimad.metadata - Error processing card: 'NoneType' object has no attribute 'inner_text'
2025-07-06 13:47:42,120 - WARNING - etimad.metadata - Error processing card: 'NoneType' object has no attribute 'inner_text'
2025-07-06 13:47:42,126 - WARNING - etimad.metadata - Error processing card: 'NoneType' object has no attribute 'inner_text'
2025-07-06 13:47:42,136 - WARNING - etimad.metadata - Error processing card: 'NoneType' object has no attribute 'inner_text'
2025-07-06 13:47:42,142 - WARNING - etimad.metadata - Error processing card: 'NoneType' object has no attribute 'inner_text'
2025-07-06 13:47:42,148 - WARNING - etimad.metadata - Error processing card: 'NoneType' object has no attribute 'inner_text'
2025-07-06 13:47:42,230 - INFO - etimad.metadata - Total unique tenders found: 0
2025-07-06 13:47:42,230 - WARNING - etimad.orchestrator - No metadata found - aborting pipeline
2025-07-06 13:50:30,749 - INFO - etimad.db - Database connection pool initialized
2025-07-06 13:50:30,794 - INFO - etimad.db - Database tables initialized
2025-07-06 13:50:30,794 - INFO - etimad.orchestrator - Starting metadata collection phase
2025-07-06 13:51:54,014 - WARNING - etimad.metadata - Error processing card: 'NoneType' object has no attribute 'inner_text'
2025-07-06 13:51:54,025 - WARNING - etimad.metadata - Error processing card: 'NoneType' object has no attribute 'inner_text'
2025-07-06 13:51:54,037 - WARNING - etimad.metadata - Error processing card: 'NoneType' object has no attribute 'inner_text'
2025-07-06 13:51:54,047 - WARNING - etimad.metadata - Error processing card: 'NoneType' object has no attribute 'inner_text'
2025-07-06 13:51:54,056 - WARNING - etimad.metadata - Error processing card: 'NoneType' object has no attribute 'inner_text'
2025-07-06 13:51:54,065 - WARNING - etimad.metadata - Error processing card: 'NoneType' object has no attribute 'inner_text'
2025-07-06 13:51:54,358 - WARNING - etimad.metadata - Error processing card: 'NoneType' object has no attribute 'inner_text'
2025-07-06 13:51:54,363 - WARNING - etimad.metadata - Error processing card: 'NoneType' object has no attribute 'inner_text'
2025-07-06 13:51:54,368 - WARNING - etimad.metadata - Error processing card: 'NoneType' object has no attribute 'inner_text'
2025-07-06 13:51:54,376 - WARNING - etimad.metadata - Error processing card: 'NoneType' object has no attribute 'inner_text'
2025-07-06 13:51:54,380 - WARNING - etimad.metadata - Error processing card: 'NoneType' object has no attribute 'inner_text'
2025-07-06 13:51:54,386 - WARNING - etimad.metadata - Error processing card: 'NoneType' object has no attribute 'inner_text'
2025-07-06 13:52:05,307 - WARNING - etimad.metadata - Error processing card: 'NoneType' object has no attribute 'inner_text'
2025-07-06 13:52:05,311 - WARNING - etimad.metadata - Error processing card: 'NoneType' object has no attribute 'inner_text'
2025-07-06 13:52:05,315 - WARNING - etimad.metadata - Error processing card: 'NoneType' object has no attribute 'inner_text'
2025-07-06 13:52:05,318 - WARNING - etimad.metadata - Error processing card: 'NoneType' object has no attribute 'inner_text'
2025-07-06 13:52:05,324 - WARNING - etimad.metadata - Error processing card: 'NoneType' object has no attribute 'inner_text'
2025-07-06 13:52:05,327 - WARNING - etimad.metadata - Error processing card: 'NoneType' object has no attribute 'inner_text'
2025-07-06 13:52:08,051 - INFO - etimad.db - Database connection pool initialized
2025-07-06 13:52:08,097 - INFO - etimad.db - Database tables initialized
2025-07-06 13:52:08,100 - INFO - etimad.orchestrator - Starting metadata collection phase
2025-07-06 13:53:42,318 - WARNING - etimad.metadata - Error processing card: 'NoneType' object has no attribute 'inner_text'
2025-07-06 13:53:42,358 - WARNING - etimad.metadata - Error processing card: 'NoneType' object has no attribute 'inner_text'
2025-07-06 13:53:42,392 - WARNING - etimad.metadata - Error processing card: 'NoneType' object has no attribute 'inner_text'
2025-07-06 13:53:42,410 - WARNING - etimad.metadata - Error processing card: 'NoneType' object has no attribute 'inner_text'
2025-07-06 13:53:42,427 - WARNING - etimad.metadata - Error processing card: 'NoneType' object has no attribute 'inner_text'
2025-07-06 13:53:42,439 - WARNING - etimad.metadata - Error processing card: 'NoneType' object has no attribute 'inner_text'
2025-07-06 13:55:10,101 - INFO - etimad.metadata - Total unique tenders found: 0
2025-07-06 13:55:10,101 - WARNING - etimad.orchestrator - No metadata found - aborting pipeline
2025-07-06 13:56:25,250 - INFO - etimad.db - Database connection pool initialized
2025-07-06 13:56:25,299 - INFO - etimad.db - Database tables initialized
2025-07-06 13:56:25,299 - INFO - etimad.orchestrator - Starting metadata collection phase
2025-07-06 13:56:56,740 - INFO - etimad.db - Database connection pool initialized
2025-07-06 13:56:56,806 - INFO - etimad.db - Database tables initialized
2025-07-06 13:56:56,806 - INFO - etimad.orchestrator - Starting metadata collection phase
2025-07-06 14:00:13,364 - INFO - etimad.db - Database connection pool initialized
2025-07-06 14:00:13,414 - INFO - etimad.db - Database tables initialized
2025-07-06 14:00:13,414 - INFO - etimad.orchestrator - Starting metadata collection phase
2025-07-06 14:06:57,030 - INFO - etimad.db - Database connection pool initialized
2025-07-06 14:06:57,812 - INFO - etimad.db - Database tables initialized
2025-07-06 14:06:57,814 - INFO - etimad.orchestrator - Starting metadata collection phase
2025-07-06 14:10:04,300 - INFO - etimad.metadata - Total unique tenders found: 0
2025-07-06 14:10:04,300 - WARNING - etimad.orchestrator - No metadata found - aborting pipeline
2025-07-06 14:12:48,051 - INFO - etimad.db - Database connection pool initialized
2025-07-06 14:12:48,089 - INFO - etimad.db - Database tables initialized
2025-07-06 14:12:48,099 - INFO - etimad.orchestrator - Starting metadata collection phase
2025-07-06 14:15:31,512 - INFO - etimad.db - Database connection pool initialized
2025-07-06 14:16:49,863 - INFO - etimad.db - Database connection pool initialized
2025-07-06 14:16:49,926 - INFO - etimad.db - Database tables initialized
2025-07-06 14:16:49,926 - INFO - etimad.orchestrator - Starting metadata collection phase
2025-07-06 14:16:49,926 - INFO - etimad.metadata - Starting metadata extraction for: حوكمة البيانات
2025-07-06 14:17:18,961 - WARNING - etimad.metadata - Error processing card: 'NoneType' object has no attribute 'inner_text'
2025-07-06 14:17:18,972 - WARNING - etimad.metadata - Error processing card: 'NoneType' object has no attribute 'inner_text'
2025-07-06 14:17:18,979 - WARNING - etimad.metadata - Error processing card: 'NoneType' object has no attribute 'inner_text'
2025-07-06 14:17:18,991 - WARNING - etimad.metadata - Error processing card: 'NoneType' object has no attribute 'inner_text'
2025-07-06 14:17:19,005 - WARNING - etimad.metadata - Error processing card: 'NoneType' object has no attribute 'inner_text'
2025-07-06 14:17:19,015 - WARNING - etimad.metadata - Error processing card: 'NoneType' object has no attribute 'inner_text'
2025-07-06 14:17:19,456 - INFO - etimad.metadata - Found 0 tenders for حوكمة البيانات
2025-07-06 14:17:19,456 - INFO - etimad.metadata - Total unique tenders found: 0
2025-07-06 14:17:19,456 - WARNING - etimad.orchestrator - No metadata found - aborting pipeline
2025-07-06 14:24:01,103 - INFO - etimad.db - Database connection pool initialized
2025-07-06 14:24:05,893 - INFO - etimad.db - Database connection pool initialized
2025-07-06 14:24:55,881 - INFO - etimad.db - Database connection pool initialized
2025-07-06 14:24:55,932 - INFO - etimad.db - Database tables initialized
2025-07-06 14:24:55,932 - INFO - etimad.orchestrator - Starting metadata collection phase
2025-07-06 14:24:55,932 - INFO - etimad.metadata - Starting metadata extraction for: حوكمة البيانات
2025-07-06 14:25:23,611 - WARNING - etimad.metadata - Error processing card: 'NoneType' object has no attribute 'inner_text'
2025-07-06 14:25:23,629 - WARNING - etimad.metadata - Error processing card: 'NoneType' object has no attribute 'inner_text'
2025-07-06 14:25:23,639 - WARNING - etimad.metadata - Error processing card: 'NoneType' object has no attribute 'inner_text'
2025-07-06 14:25:23,646 - WARNING - etimad.metadata - Error processing card: 'NoneType' object has no attribute 'inner_text'
2025-07-06 14:25:23,655 - WARNING - etimad.metadata - Error processing card: 'NoneType' object has no attribute 'inner_text'
2025-07-06 14:25:23,665 - WARNING - etimad.metadata - Error processing card: 'NoneType' object has no attribute 'inner_text'
2025-07-06 14:25:24,031 - INFO - etimad.metadata - Found 0 tenders for حوكمة البيانات
2025-07-06 14:25:24,031 - INFO - etimad.metadata - Total unique tenders found: 0
2025-07-06 14:25:24,031 - WARNING - etimad.orchestrator - No metadata found - aborting pipeline
2025-07-06 14:29:20,823 - INFO - etimad.db - Database connection pool initialized
2025-07-06 14:29:20,907 - INFO - etimad.db - Database tables initialized
2025-07-06 14:29:20,910 - INFO - etimad.orchestrator - Starting metadata collection phase
2025-07-06 14:29:20,910 - INFO - etimad.metadata - Starting metadata extraction for: حوكمة البيانات
2025-07-06 14:29:21,621 - DEBUG - etimad.metadata - Attempt 1: Navigating to Etimad...
2025-07-06 14:30:51,630 - WARNING - etimad.metadata - Navigation attempt 1 failed: Page.goto: Timeout 90000ms exceeded.
Call log:
  - navigating to "https://tenders.etimad.sa/Tender/AllTendersForVisitor", waiting until "networkidle"

2025-07-06 14:30:51,630 - DEBUG - etimad.metadata - Attempt 2: Navigating to Etimad...
2025-07-06 14:31:17,230 - DEBUG - etimad.metadata - Extracting tender cards...
2025-07-06 14:31:17,831 - INFO - etimad.metadata - Found 6 tenders for حوكمة البيانات
2025-07-06 14:31:17,852 - INFO - etimad.metadata - Total unique tenders found: 6
2025-07-06 14:31:17,852 - INFO - etimad.orchestrator - Starting detail extraction phase
2025-07-06 14:31:17,852 - INFO - etimad.details - Processing batch 1 of 1
2025-07-06 14:31:46,210 - DEBUG - etimad.details - Extracted tender: 115607
2025-07-06 14:31:46,212 - DEBUG - etimad.details - Extracted tender: 2653
2025-07-06 14:31:46,359 - DEBUG - etimad.details - Extracted tender: 115604
2025-07-06 14:31:47,488 - DEBUG - etimad.details - Extracted tender: م ش ص /2025/110
2025-07-06 14:31:58,258 - DEBUG - etimad.details - Extracted tender: 4602568
2025-07-06 14:32:11,443 - DEBUG - etimad.details - Extracted tender: 115603
2025-07-06 14:32:11,537 - INFO - etimad.orchestrator - Starting data persistence phase
2025-07-06 14:32:11,665 - ERROR - etimad.db - Error upserting tender: 1064 (42000): You have an error in your SQL syntax; check the manual that corresponds to your MySQL server version for the right syntax to use near 'المنافسة, رقم المنافسة, الرقم المرجعي, الغرض' at line 1
2025-07-06 14:32:11,666 - ERROR - etimad.orchestrator - Failed to save tender 115607: 1064 (42000): You have an error in your SQL syntax; check the manual that corresponds to your MySQL server version for the right syntax to use near 'المنافسة, رقم المنافسة, الرقم المرجعي, الغرض' at line 1
2025-07-06 14:32:11,666 - ERROR - etimad.db - Error upserting tender: 1064 (42000): You have an error in your SQL syntax; check the manual that corresponds to your MySQL server version for the right syntax to use near 'المنافسة, رقم المنافسة, الرقم المرجعي, الغرض' at line 1
2025-07-06 14:32:11,667 - ERROR - etimad.orchestrator - Failed to save tender 2653: 1064 (42000): You have an error in your SQL syntax; check the manual that corresponds to your MySQL server version for the right syntax to use near 'المنافسة, رقم المنافسة, الرقم المرجعي, الغرض' at line 1
2025-07-06 14:32:11,668 - ERROR - etimad.db - Error upserting tender: 1064 (42000): You have an error in your SQL syntax; check the manual that corresponds to your MySQL server version for the right syntax to use near 'المنافسة, رقم المنافسة, الرقم المرجعي, الغرض' at line 1
2025-07-06 14:32:11,668 - ERROR - etimad.orchestrator - Failed to save tender 115604: 1064 (42000): You have an error in your SQL syntax; check the manual that corresponds to your MySQL server version for the right syntax to use near 'المنافسة, رقم المنافسة, الرقم المرجعي, الغرض' at line 1
2025-07-06 14:32:11,669 - ERROR - etimad.db - Error upserting tender: 1064 (42000): You have an error in your SQL syntax; check the manual that corresponds to your MySQL server version for the right syntax to use near 'المنافسة, رقم المنافسة, الرقم المرجعي, الغرض' at line 1
2025-07-06 14:32:11,669 - ERROR - etimad.orchestrator - Failed to save tender م ش ص /2025/110: 1064 (42000): You have an error in your SQL syntax; check the manual that corresponds to your MySQL server version for the right syntax to use near 'المنافسة, رقم المنافسة, الرقم المرجعي, الغرض' at line 1
2025-07-06 14:32:11,670 - ERROR - etimad.db - Error upserting tender: 1064 (42000): You have an error in your SQL syntax; check the manual that corresponds to your MySQL server version for the right syntax to use near 'المنافسة, رقم المنافسة, الرقم المرجعي, الغرض' at line 1
2025-07-06 14:32:11,670 - ERROR - etimad.orchestrator - Failed to save tender 4602568: 1064 (42000): You have an error in your SQL syntax; check the manual that corresponds to your MySQL server version for the right syntax to use near 'المنافسة, رقم المنافسة, الرقم المرجعي, الغرض' at line 1
2025-07-06 14:32:11,672 - ERROR - etimad.db - Error upserting tender: 1064 (42000): You have an error in your SQL syntax; check the manual that corresponds to your MySQL server version for the right syntax to use near 'المنافسة, رقم المنافسة, الرقم المرجعي, الغرض' at line 1
2025-07-06 14:32:11,672 - ERROR - etimad.orchestrator - Failed to save tender 115603: 1064 (42000): You have an error in your SQL syntax; check the manual that corresponds to your MySQL server version for the right syntax to use near 'المنافسة, رقم المنافسة, الرقم المرجعي, الغرض' at line 1
2025-07-06 14:32:11,673 - INFO - etimad.orchestrator - ✅ Pipeline completed. Successfully saved 0/6 tenders
2025-07-06 14:36:22,541 - INFO - etimad.db - Database connection pool initialized
2025-07-06 14:36:22,684 - INFO - etimad.db - Database tables initialized
2025-07-06 14:36:22,686 - INFO - etimad.orchestrator - Starting metadata collection phase
2025-07-06 14:36:22,686 - INFO - etimad.metadata - Starting metadata extraction for: حوكمة البيانات
2025-07-06 14:36:23,481 - DEBUG - etimad.metadata - Attempt 1: Navigating to Etimad...
2025-07-06 14:37:53,496 - WARNING - etimad.metadata - Navigation attempt 1 failed: Page.goto: Timeout 90000ms exceeded.
Call log:
  - navigating to "https://tenders.etimad.sa/Tender/AllTendersForVisitor", waiting until "networkidle"

2025-07-06 14:37:53,496 - DEBUG - etimad.metadata - Attempt 2: Navigating to Etimad...
2025-07-06 14:38:32,317 - DEBUG - etimad.metadata - Extracting tender cards...
2025-07-06 14:38:32,773 - INFO - etimad.metadata - Found 6 tenders for حوكمة البيانات
2025-07-06 14:38:32,795 - INFO - etimad.metadata - Total unique tenders found: 6
2025-07-06 14:38:32,796 - INFO - etimad.orchestrator - Starting detail extraction phase
2025-07-06 14:38:32,796 - INFO - etimad.details - Processing batch 1 of 1
2025-07-06 14:38:58,459 - DEBUG - etimad.details - Extracted tender: لا يوجد
2025-07-06 14:38:58,579 - DEBUG - etimad.details - Extracted tender: 115604
2025-07-06 14:38:59,191 - DEBUG - etimad.details - Extracted tender: 4602568
2025-07-06 14:39:04,393 - DEBUG - etimad.details - Extracted tender: 2653
2025-07-06 14:39:06,265 - DEBUG - etimad.details - Extracted tender: م ش ص /2025/110
2025-07-06 14:39:24,288 - DEBUG - etimad.details - Extracted tender: 115607
2025-07-06 14:39:24,382 - INFO - etimad.orchestrator - Starting data persistence phase
2025-07-06 14:39:24,405 - ERROR - etimad.db - Error upserting tender: 1064 (42000): You have an error in your SQL syntax; check the manual that corresponds to your MySQL server version for the right syntax to use near 'المنافسة, رقم المنافسة, الرقم المرجعي, الغرض' at line 1
2025-07-06 14:39:24,405 - ERROR - etimad.orchestrator - Failed to save tender لا يوجد: 1064 (42000): You have an error in your SQL syntax; check the manual that corresponds to your MySQL server version for the right syntax to use near 'المنافسة, رقم المنافسة, الرقم المرجعي, الغرض' at line 1
2025-07-06 14:39:24,410 - ERROR - etimad.db - Error upserting tender: 1064 (42000): You have an error in your SQL syntax; check the manual that corresponds to your MySQL server version for the right syntax to use near 'المنافسة, رقم المنافسة, الرقم المرجعي, الغرض' at line 1
2025-07-06 14:39:24,414 - ERROR - etimad.orchestrator - Failed to save tender 115604: 1064 (42000): You have an error in your SQL syntax; check the manual that corresponds to your MySQL server version for the right syntax to use near 'المنافسة, رقم المنافسة, الرقم المرجعي, الغرض' at line 1
2025-07-06 14:39:24,414 - ERROR - etimad.db - Error upserting tender: 1064 (42000): You have an error in your SQL syntax; check the manual that corresponds to your MySQL server version for the right syntax to use near 'المنافسة, رقم المنافسة, الرقم المرجعي, الغرض' at line 1
2025-07-06 14:39:24,414 - ERROR - etimad.orchestrator - Failed to save tender 4602568: 1064 (42000): You have an error in your SQL syntax; check the manual that corresponds to your MySQL server version for the right syntax to use near 'المنافسة, رقم المنافسة, الرقم المرجعي, الغرض' at line 1
2025-07-06 14:39:24,414 - ERROR - etimad.db - Error upserting tender: 1064 (42000): You have an error in your SQL syntax; check the manual that corresponds to your MySQL server version for the right syntax to use near 'المنافسة, رقم المنافسة, الرقم المرجعي, الغرض' at line 1
2025-07-06 14:39:24,414 - ERROR - etimad.orchestrator - Failed to save tender 2653: 1064 (42000): You have an error in your SQL syntax; check the manual that corresponds to your MySQL server version for the right syntax to use near 'المنافسة, رقم المنافسة, الرقم المرجعي, الغرض' at line 1
2025-07-06 14:39:24,427 - ERROR - etimad.db - Error upserting tender: 1064 (42000): You have an error in your SQL syntax; check the manual that corresponds to your MySQL server version for the right syntax to use near 'المنافسة, رقم المنافسة, الرقم المرجعي, الغرض' at line 1
2025-07-06 14:39:24,427 - ERROR - etimad.orchestrator - Failed to save tender م ش ص /2025/110: 1064 (42000): You have an error in your SQL syntax; check the manual that corresponds to your MySQL server version for the right syntax to use near 'المنافسة, رقم المنافسة, الرقم المرجعي, الغرض' at line 1
2025-07-06 14:39:24,427 - ERROR - etimad.db - Error upserting tender: 1064 (42000): You have an error in your SQL syntax; check the manual that corresponds to your MySQL server version for the right syntax to use near 'المنافسة, رقم المنافسة, الرقم المرجعي, الغرض' at line 1
2025-07-06 14:39:24,432 - ERROR - etimad.orchestrator - Failed to save tender 115607: 1064 (42000): You have an error in your SQL syntax; check the manual that corresponds to your MySQL server version for the right syntax to use near 'المنافسة, رقم المنافسة, الرقم المرجعي, الغرض' at line 1
2025-07-06 14:39:24,432 - INFO - etimad.orchestrator - ✅ Pipeline completed. Successfully saved 0/6 tenders
2025-07-06 14:49:35,774 - INFO - etimad.db - Database connection pool initialized
2025-07-06 14:49:35,831 - INFO - etimad.db - Database tables initialized
2025-07-06 14:49:35,831 - INFO - etimad.orchestrator - Starting metadata collection phase
2025-07-06 14:49:35,835 - INFO - etimad.metadata - Starting metadata extraction for: حوكمة البيانات
2025-07-06 14:49:36,559 - DEBUG - etimad.metadata - Attempt 1: Navigating to Etimad...
2025-07-06 14:51:06,571 - WARNING - etimad.metadata - Navigation attempt 1 failed: Page.goto: Timeout 90000ms exceeded.
Call log:
  - navigating to "https://tenders.etimad.sa/Tender/AllTendersForVisitor", waiting until "networkidle"

2025-07-06 14:51:06,571 - DEBUG - etimad.metadata - Attempt 2: Navigating to Etimad...
2025-07-06 14:51:39,613 - DEBUG - etimad.metadata - Extracting tender cards...
2025-07-06 14:51:39,934 - INFO - etimad.metadata - Found 6 tenders for حوكمة البيانات
2025-07-06 14:51:39,952 - INFO - etimad.metadata - Total unique tenders found: 6
2025-07-06 14:51:39,952 - INFO - etimad.orchestrator - Starting detail extraction phase
2025-07-06 14:51:39,952 - INFO - etimad.details - Processing batch 1 of 1
2025-07-06 14:52:08,205 - DEBUG - etimad.details - Extracted tender: PR 203440
2025-07-06 14:52:08,508 - DEBUG - etimad.details - Extracted tender: لا يوجد
2025-07-06 14:52:08,648 - DEBUG - etimad.details - Extracted tender: 115604
2025-07-06 14:52:09,174 - DEBUG - etimad.details - Extracted tender: 1000009526
2025-07-06 14:52:18,405 - DEBUG - etimad.details - Extracted tender: 4602568
2025-07-06 14:52:33,824 - DEBUG - etimad.details - Extracted tender: م ش ص /2025/110
2025-07-06 14:52:33,896 - INFO - etimad.orchestrator - Starting data persistence phase
2025-07-06 14:52:33,903 - ERROR - etimad.db - Error replacing tender: 1054 (42S22): Unknown column 'الرقم_المرجعي' in 'field list'
2025-07-06 14:52:33,906 - ERROR - etimad.orchestrator - Failed to save tender: PR 203440. Error: 1054 (42S22): Unknown column 'الرقم_المرجعي' in 'field list'
2025-07-06 14:52:33,906 - ERROR - etimad.db - Error replacing tender: 1054 (42S22): Unknown column 'الرقم_المرجعي' in 'field list'
2025-07-06 14:52:33,908 - ERROR - etimad.orchestrator - Failed to save tender: لا يوجد. Error: 1054 (42S22): Unknown column 'الرقم_المرجعي' in 'field list'
2025-07-06 14:52:33,911 - ERROR - etimad.db - Error replacing tender: 1054 (42S22): Unknown column 'الرقم_المرجعي' in 'field list'
2025-07-06 14:52:33,913 - ERROR - etimad.orchestrator - Failed to save tender: 115604. Error: 1054 (42S22): Unknown column 'الرقم_المرجعي' in 'field list'
2025-07-06 14:52:33,916 - ERROR - etimad.db - Error replacing tender: 1054 (42S22): Unknown column 'الرقم_المرجعي' in 'field list'
2025-07-06 14:52:33,917 - ERROR - etimad.orchestrator - Failed to save tender: 1000009526. Error: 1054 (42S22): Unknown column 'الرقم_المرجعي' in 'field list'
2025-07-06 14:52:33,920 - ERROR - etimad.db - Error replacing tender: 1054 (42S22): Unknown column 'الرقم_المرجعي' in 'field list'
2025-07-06 14:52:33,921 - ERROR - etimad.orchestrator - Failed to save tender: 4602568. Error: 1054 (42S22): Unknown column 'الرقم_المرجعي' in 'field list'
2025-07-06 14:52:33,925 - ERROR - etimad.db - Error replacing tender: 1054 (42S22): Unknown column 'الرقم_المرجعي' in 'field list'
2025-07-06 14:52:33,926 - ERROR - etimad.orchestrator - Failed to save tender: م ش ص /2025/110. Error: 1054 (42S22): Unknown column 'الرقم_المرجعي' in 'field list'
2025-07-06 14:52:33,927 - INFO - etimad.orchestrator - ✅ Pipeline completed. Successfully saved 0/6 tenders
2025-07-06 14:56:40,959 - INFO - etimad.db - Database connection pool initialized
2025-07-06 14:56:41,016 - INFO - etimad.db - Database tables initialized
2025-07-06 14:56:41,022 - INFO - etimad.orchestrator - Starting metadata collection phase
2025-07-06 14:56:41,022 - INFO - etimad.metadata - Starting metadata extraction for: حوكمة البيانات
2025-07-06 14:56:41,754 - DEBUG - etimad.metadata - Attempt 1: Navigating to Etimad...
2025-07-06 14:56:48,560 - WARNING - etimad.metadata - Navigation attempt 1 failed: Page.goto: Target page, context or browser has been closed
Call log:
  - navigating to "https://tenders.etimad.sa/Tender/AllTendersForVisitor", waiting until "networkidle"

2025-07-06 14:56:48,560 - DEBUG - etimad.metadata - Attempt 2: Navigating to Etimad...
2025-07-06 14:56:48,561 - WARNING - etimad.metadata - Navigation attempt 2 failed: Page.goto: Target page, context or browser has been closed
2025-07-06 14:56:48,561 - DEBUG - etimad.metadata - Attempt 3: Navigating to Etimad...
2025-07-06 14:56:48,563 - WARNING - etimad.metadata - Navigation attempt 3 failed: Page.goto: Target page, context or browser has been closed
2025-07-06 14:56:48,969 - ERROR - etimad.metadata - Attempt 1 failed: Page.goto: Target page, context or browser has been closed
2025-07-06 14:57:10,157 - INFO - etimad.db - Database connection pool initialized
2025-07-06 14:57:10,283 - INFO - etimad.db - Database tables initialized
2025-07-06 14:57:10,283 - INFO - etimad.orchestrator - Starting metadata collection phase
2025-07-06 14:57:10,283 - INFO - etimad.metadata - Starting metadata extraction for: حوكمة البيانات
2025-07-06 14:57:11,021 - DEBUG - etimad.metadata - Attempt 1: Navigating to Etimad...
2025-07-06 14:58:26,862 - INFO - etimad.db - Database connection pool initialized
2025-07-06 14:58:26,917 - INFO - etimad.db - Database tables initialized
2025-07-06 14:58:26,917 - INFO - etimad.orchestrator - Starting metadata collection phase
2025-07-06 14:58:26,917 - INFO - etimad.metadata - Starting metadata extraction for: حوكمة البيانات
2025-07-06 14:58:27,628 - DEBUG - etimad.metadata - Attempt 1: Navigating to Etimad...
2025-07-06 14:58:57,635 - WARNING - etimad.metadata - Navigation attempt 1 failed: Page.goto: Timeout 30000ms exceeded.
Call log:
  - navigating to "https://tenders.etimad.sa/Tender/AllTendersForVisitor", waiting until "networkidle"

2025-07-06 14:58:57,635 - DEBUG - etimad.metadata - Attempt 2: Navigating to Etimad...
2025-07-06 14:59:23,776 - DEBUG - etimad.metadata - Extracting tender cards...
2025-07-06 14:59:24,236 - INFO - etimad.metadata - Found 6 tenders for حوكمة البيانات
2025-07-06 14:59:24,248 - INFO - etimad.metadata - Total unique tenders found: 6
2025-07-06 14:59:24,249 - INFO - etimad.orchestrator - Starting detail extraction phase
2025-07-06 14:59:24,249 - INFO - etimad.details - Processing batch 1 of 1
2025-07-06 15:00:25,902 - WARNING - etimad.details - Attempt 1 failed for https://tenders.etimad.sa/Tender/DetailsForVisitor?STenderId=Xyx1psnFwuy2l2JruSeELg==: Page.goto: Timeout 60000ms exceeded.
Call log:
  - navigating to "https://tenders.etimad.sa/Tender/DetailsForVisitor?STenderId=Xyx1psnFwuy2l2JruSeELg==", waiting until "networkidle"

2025-07-06 15:00:25,903 - WARNING - etimad.details - Attempt 1 failed for https://tenders.etimad.sa/Tender/DetailsForVisitor?STenderId=Fr9*@@**pax*@@**OMMxdW0T*@@**zomjQ==: Page.goto: Timeout 60000ms exceeded.
Call log:
  - navigating to "https://tenders.etimad.sa/Tender/DetailsForVisitor?STenderId=Fr9*@@**pax*@@**OMMxdW0T*@@**zomjQ==", waiting until "networkidle"

2025-07-06 15:00:25,959 - WARNING - etimad.details - Attempt 1 failed for https://tenders.etimad.sa/Tender/DetailsForVisitor?STenderId=gEwr51oHm9I9ArwTqSXrdg==: Page.goto: Timeout 60000ms exceeded.
Call log:
  - navigating to "https://tenders.etimad.sa/Tender/DetailsForVisitor?STenderId=gEwr51oHm9I9ArwTqSXrdg==", waiting until "networkidle"

2025-07-06 15:00:26,028 - WARNING - etimad.details - Attempt 1 failed for https://tenders.etimad.sa/Tender/DetailsForVisitor?STenderId=EZjwxPPyGSrW9FvGkXhA*@@**w==: Page.goto: Timeout 60000ms exceeded.
Call log:
  - navigating to "https://tenders.etimad.sa/Tender/DetailsForVisitor?STenderId=EZjwxPPyGSrW9FvGkXhA*@@**w==", waiting until "networkidle"

2025-07-06 15:00:26,084 - WARNING - etimad.details - Attempt 1 failed for https://tenders.etimad.sa/Tender/DetailsForVisitor?STenderId=v1Xtz5q8L8xoOIZdfdrwnA==: Page.goto: Timeout 60000ms exceeded.
Call log:
  - navigating to "https://tenders.etimad.sa/Tender/DetailsForVisitor?STenderId=v1Xtz5q8L8xoOIZdfdrwnA==", waiting until "networkidle"

2025-07-06 15:00:49,973 - DEBUG - etimad.details - Extracted tender: 34-SEA-PR
2025-07-06 15:00:49,999 - DEBUG - etimad.details - Extracted tender: PR 203440
2025-07-06 15:00:50,623 - DEBUG - etimad.details - Extracted tender: م ش / 5275
2025-07-06 15:00:51,015 - DEBUG - etimad.details - Extracted tender: 1000009526
2025-07-06 15:00:55,308 - DEBUG - etimad.details - Extracted tender: م ش1447/5277
2025-07-06 15:01:51,918 - WARNING - etimad.details - Attempt 1 failed for https://tenders.etimad.sa/Tender/DetailsForVisitor?STenderId=RQfXZ1*@@**JIiE6EdtsPGOcSg==: Page.goto: Timeout 60000ms exceeded.
Call log:
  - navigating to "https://tenders.etimad.sa/Tender/DetailsForVisitor?STenderId=RQfXZ1*@@**JIiE6EdtsPGOcSg==", waiting until "networkidle"

2025-07-06 15:02:16,183 - DEBUG - etimad.details - Extracted tender: لا يوجد
2025-07-06 15:02:16,520 - INFO - etimad.orchestrator - Starting data persistence phase
2025-07-06 15:02:16,526 - WARNING - etimad.db - Ignored unknown columns in tender 34-SEA-PR: ['الرقم_المرجعي', 'قيمة_وثائق_المنافسة', 'مدة_العقد', 'هل_التأمين_من_متطلبات_المنافسة', 'نوع_المنافسة']
2025-07-06 15:02:16,532 - DEBUG - etimad.db - Replaced tender: 34-SEA-PR
2025-07-06 15:02:16,533 - WARNING - etimad.db - Ignored unknown columns in tender PR 203440: ['الرقم_المرجعي', 'قيمة_وثائق_المنافسة', 'مدة_العقد', 'هل_التأمين_من_متطلبات_المنافسة', 'نوع_المنافسة']
2025-07-06 15:02:16,535 - DEBUG - etimad.db - Replaced tender: PR 203440
2025-07-06 15:02:16,535 - WARNING - etimad.db - Ignored unknown columns in tender م ش / 5275: ['الرقم_المرجعي', 'قيمة_وثائق_المنافسة', 'مدة_العقد', 'هل_التأمين_من_متطلبات_المنافسة', 'نوع_المنافسة']
2025-07-06 15:02:16,539 - DEBUG - etimad.db - Replaced tender: م ش / 5275
2025-07-06 15:02:16,540 - WARNING - etimad.db - Ignored unknown columns in tender 1000009526: ['الرقم_المرجعي', 'قيمة_وثائق_المنافسة', 'مدة_العقد', 'هل_التأمين_من_متطلبات_المنافسة', 'نوع_المنافسة']
2025-07-06 15:02:16,542 - DEBUG - etimad.db - Replaced tender: 1000009526
2025-07-06 15:02:16,542 - WARNING - etimad.db - Ignored unknown columns in tender م ش1447/5277: ['الرقم_المرجعي', 'قيمة_وثائق_المنافسة', 'مدة_العقد', 'هل_التأمين_من_متطلبات_المنافسة', 'نوع_المنافسة']
2025-07-06 15:02:16,545 - DEBUG - etimad.db - Replaced tender: م ش1447/5277
2025-07-06 15:02:16,546 - WARNING - etimad.db - Ignored unknown columns in tender لا يوجد: ['الرقم_المرجعي', 'قيمة_وثائق_المنافسة', 'مدة_العقد', 'هل_التأمين_من_متطلبات_المنافسة', 'نوع_المنافسة']
2025-07-06 15:02:16,549 - DEBUG - etimad.db - Replaced tender: لا يوجد
2025-07-06 15:02:16,550 - INFO - etimad.orchestrator - ✅ Pipeline completed. Successfully saved 6/6 tenders
2025-07-06 15:05:18,963 - INFO - etimad.db - Database connection pool initialized
2025-07-06 15:05:19,027 - INFO - etimad.db - Database tables initialized
2025-07-06 15:05:19,027 - INFO - etimad.orchestrator - Starting metadata collection phase
2025-07-06 15:05:19,027 - INFO - etimad.metadata - Starting metadata extraction for: حوكمة البيانات
2025-07-06 15:05:19,524 - DEBUG - etimad.metadata - Attempt 1: Navigating to Etimad...
2025-07-06 15:06:33,739 - DEBUG - etimad.metadata - Extracting tender cards...
2025-07-06 15:06:34,027 - INFO - etimad.metadata - Found 6 tenders for حوكمة البيانات
2025-07-06 15:06:34,053 - INFO - etimad.metadata - Total unique tenders found: 6
2025-07-06 15:06:34,054 - INFO - etimad.orchestrator - Starting detail extraction phase
2025-07-06 15:06:34,055 - INFO - etimad.details - Processing batch 1 of 1
2025-07-06 15:06:59,913 - DEBUG - etimad.details - Extracted tender: PR 203440
2025-07-06 15:07:01,417 - DEBUG - etimad.details - Extracted tender: م ش / 5275
2025-07-06 15:07:02,291 - DEBUG - etimad.details - Extracted tender: 25/20
2025-07-06 15:07:12,054 - DEBUG - etimad.details - Extracted tender: 34-SEA-PR
2025-07-06 15:07:18,919 - DEBUG - etimad.details - Extracted tender: م ش1447/5277
2025-07-06 15:08:01,225 - WARNING - etimad.details - Attempt 1 failed for https://tenders.etimad.sa/Tender/DetailsForVisitor?STenderId=Xyx1psnFwuy2l2JruSeELg==: Page.goto: Timeout 60000ms exceeded.
Call log:
  - navigating to "https://tenders.etimad.sa/Tender/DetailsForVisitor?STenderId=Xyx1psnFwuy2l2JruSeELg==", waiting until "networkidle"

2025-07-06 15:08:24,753 - DEBUG - etimad.details - Extracted tender: 1000009526
2025-07-06 15:08:24,881 - INFO - etimad.orchestrator - Starting data persistence phase
2025-07-06 15:08:24,889 - WARNING - etimad.db - Ignored unknown columns in tender PR 203440: ['الرقم_المرجعي', 'قيمة_وثائق_المنافسة', 'مدة_العقد', 'هل_التأمين_من_متطلبات_المنافسة', 'نوع_المنافسة']
2025-07-06 15:08:24,896 - DEBUG - etimad.db - Replaced tender: PR 203440
2025-07-06 15:08:24,897 - WARNING - etimad.db - Ignored unknown columns in tender م ش / 5275: ['الرقم_المرجعي', 'قيمة_وثائق_المنافسة', 'مدة_العقد', 'هل_التأمين_من_متطلبات_المنافسة', 'نوع_المنافسة']
2025-07-06 15:08:24,901 - DEBUG - etimad.db - Replaced tender: م ش / 5275
2025-07-06 15:08:24,902 - WARNING - etimad.db - Ignored unknown columns in tender 25/20: ['الرقم_المرجعي', 'قيمة_وثائق_المنافسة', 'مدة_العقد', 'هل_التأمين_من_متطلبات_المنافسة', 'نوع_المنافسة']
2025-07-06 15:08:24,905 - DEBUG - etimad.db - Replaced tender: 25/20
2025-07-06 15:08:24,905 - WARNING - etimad.db - Ignored unknown columns in tender 34-SEA-PR: ['الرقم_المرجعي', 'قيمة_وثائق_المنافسة', 'مدة_العقد', 'هل_التأمين_من_متطلبات_المنافسة', 'نوع_المنافسة']
2025-07-06 15:08:24,910 - DEBUG - etimad.db - Replaced tender: 34-SEA-PR
2025-07-06 15:08:24,911 - WARNING - etimad.db - Ignored unknown columns in tender م ش1447/5277: ['الرقم_المرجعي', 'قيمة_وثائق_المنافسة', 'مدة_العقد', 'هل_التأمين_من_متطلبات_المنافسة', 'نوع_المنافسة']
2025-07-06 15:08:24,914 - DEBUG - etimad.db - Replaced tender: م ش1447/5277
2025-07-06 15:08:24,914 - WARNING - etimad.db - Ignored unknown columns in tender 1000009526: ['الرقم_المرجعي', 'قيمة_وثائق_المنافسة', 'مدة_العقد', 'هل_التأمين_من_متطلبات_المنافسة', 'نوع_المنافسة']
2025-07-06 15:08:24,919 - DEBUG - etimad.db - Replaced tender: 1000009526
2025-07-06 15:08:24,921 - INFO - etimad.orchestrator - ✅ Pipeline completed. Successfully saved 6/6 tenders
2025-07-06 15:55:27,501 - INFO - etimad.db - Database connection pool initialized
2025-07-06 15:55:27,634 - INFO - etimad.db - Database tables initialized
2025-07-06 15:55:27,635 - INFO - etimad.orchestrator - Starting metadata collection phase
2025-07-06 15:55:27,635 - INFO - etimad.metadata - Starting metadata extraction for: حوكمة البيانات
2025-07-06 15:55:28,473 - DEBUG - etimad.metadata - Attempt 1: Navigating to Etimad...
2025-07-06 15:56:58,481 - WARNING - etimad.metadata - Navigation attempt 1 failed: Page.goto: Timeout 90000ms exceeded.
Call log:
  - navigating to "https://tenders.etimad.sa/Tender/AllTendersForVisitor", waiting until "networkidle"

2025-07-06 15:56:58,481 - DEBUG - etimad.metadata - Attempt 2: Navigating to Etimad...
2025-07-06 15:57:23,586 - DEBUG - etimad.metadata - Extracting tender cards...
2025-07-06 15:57:24,081 - INFO - etimad.metadata - Found 6 tenders for حوكمة البيانات
2025-07-06 15:57:24,091 - INFO - etimad.metadata - Total unique tenders found: 6
2025-07-06 15:57:24,094 - INFO - etimad.orchestrator - Starting detail extraction phase
2025-07-06 15:57:24,094 - INFO - etimad.details - Processing batch 1 of 1
2025-07-06 15:58:25,848 - WARNING - etimad.details - Attempt 1 failed for https://tenders.etimad.sa/Tender/DetailsForVisitor?STenderId=nB l1*@@**jyPWSMP0Dg9iHRdA==: Page.goto: Timeout 60000ms exceeded.
Call log:
  - navigating to "https://tenders.etimad.sa/Tender/DetailsForVisitor?STenderId=nB%20l1*@@**jyPWSMP0Dg9iHRdA==", waiting until "networkidle"

2025-07-06 15:58:25,918 - WARNING - etimad.details - Attempt 1 failed for https://tenders.etimad.sa/Tender/DetailsForVisitor?STenderId=35EjBTfBmR5EwsxrOtEmRg==: Page.goto: Timeout 60000ms exceeded.
Call log:
  - navigating to "https://tenders.etimad.sa/Tender/DetailsForVisitor?STenderId=35EjBTfBmR5EwsxrOtEmRg==", waiting until "networkidle"

2025-07-06 15:58:25,948 - WARNING - etimad.details - Attempt 1 failed for https://tenders.etimad.sa/Tender/DetailsForVisitor?STenderId=8OfW921yZ3CZUOjiowY3dg==: Page.goto: Timeout 60000ms exceeded.
Call log:
  - navigating to "https://tenders.etimad.sa/Tender/DetailsForVisitor?STenderId=8OfW921yZ3CZUOjiowY3dg==", waiting until "networkidle"

2025-07-06 15:58:25,949 - WARNING - etimad.details - Attempt 1 failed for https://tenders.etimad.sa/Tender/DetailsForVisitor?STenderId=foj9ez5RU6EXW53555WMNQ==: Page.goto: Timeout 60000ms exceeded.
Call log:
  - navigating to "https://tenders.etimad.sa/Tender/DetailsForVisitor?STenderId=foj9ez5RU6EXW53555WMNQ==", waiting until "networkidle"

2025-07-06 15:58:25,999 - WARNING - etimad.details - Attempt 1 failed for https://tenders.etimad.sa/Tender/DetailsForVisitor?STenderId=VF50OvCklJH*@@**ZcdJDEGFDA==: Page.goto: Timeout 60000ms exceeded.
Call log:
  - navigating to "https://tenders.etimad.sa/Tender/DetailsForVisitor?STenderId=VF50OvCklJH*@@**ZcdJDEGFDA==", waiting until "networkidle"

2025-07-06 15:58:49,672 - DEBUG - etimad.details - Extracted tender: 202506106
2025-07-06 15:58:49,776 - DEBUG - etimad.details - Extracted tender: 202505826
2025-07-06 15:58:50,093 - DEBUG - etimad.details - Extracted tender: 202505843
2025-07-06 15:58:50,099 - DEBUG - etimad.details - Extracted tender: 2373172
2025-07-06 15:59:25,131 - DEBUG - etimad.details - Extracted tender: 202505824
2025-07-06 15:59:51,471 - WARNING - etimad.details - Attempt 1 failed for https://tenders.etimad.sa/Tender/DetailsForVisitor?STenderId=cwX4G0ZFRJlD8UoNhTETyg==: Page.goto: Timeout 60000ms exceeded.
Call log:
  - navigating to "https://tenders.etimad.sa/Tender/DetailsForVisitor?STenderId=cwX4G0ZFRJlD8UoNhTETyg==", waiting until "networkidle"

2025-07-06 16:00:15,071 - DEBUG - etimad.details - Extracted tender: 202504946
2025-07-06 16:00:15,414 - INFO - etimad.orchestrator - Starting data persistence phase
2025-07-06 16:00:15,421 - WARNING - etimad.db - Ignored unknown columns in tender 202506106: ['الرقم_المرجعي', 'قيمة_وثائق_المنافسة', 'مدة_العقد', 'هل_التأمين_من_متطلبات_المنافسة', 'نوع_المنافسة']
2025-07-06 16:00:15,428 - DEBUG - etimad.db - Replaced tender: 202506106
2025-07-06 16:00:15,430 - WARNING - etimad.db - Ignored unknown columns in tender 202505826: ['الرقم_المرجعي', 'قيمة_وثائق_المنافسة', 'مدة_العقد', 'هل_التأمين_من_متطلبات_المنافسة', 'نوع_المنافسة']
2025-07-06 16:00:15,432 - DEBUG - etimad.db - Replaced tender: 202505826
2025-07-06 16:00:15,433 - WARNING - etimad.db - Ignored unknown columns in tender 202505843: ['الرقم_المرجعي', 'قيمة_وثائق_المنافسة', 'مدة_العقد', 'هل_التأمين_من_متطلبات_المنافسة', 'نوع_المنافسة']
2025-07-06 16:00:15,436 - DEBUG - etimad.db - Replaced tender: 202505843
2025-07-06 16:00:15,437 - WARNING - etimad.db - Ignored unknown columns in tender 2373172: ['الرقم_المرجعي', 'قيمة_وثائق_المنافسة', 'مدة_العقد', 'هل_التأمين_من_متطلبات_المنافسة', 'نوع_المنافسة']
2025-07-06 16:00:15,439 - DEBUG - etimad.db - Replaced tender: 2373172
2025-07-06 16:00:15,441 - WARNING - etimad.db - Ignored unknown columns in tender 202505824: ['الرقم_المرجعي', 'قيمة_وثائق_المنافسة', 'مدة_العقد', 'هل_التأمين_من_متطلبات_المنافسة', 'نوع_المنافسة']
2025-07-06 16:00:15,444 - DEBUG - etimad.db - Replaced tender: 202505824
2025-07-06 16:00:15,445 - WARNING - etimad.db - Ignored unknown columns in tender 202504946: ['الرقم_المرجعي', 'قيمة_وثائق_المنافسة', 'مدة_العقد', 'هل_التأمين_من_متطلبات_المنافسة', 'نوع_المنافسة']
2025-07-06 16:00:15,448 - DEBUG - etimad.db - Replaced tender: 202504946
2025-07-06 16:00:15,449 - INFO - etimad.orchestrator - ✅ Pipeline completed. Successfully saved 6/6 tenders
2025-07-06 16:08:19,231 - INFO - etimad.db - Database connection pool initialized
2025-07-06 16:08:19,351 - INFO - etimad.db - Database tables initialized
2025-07-06 16:08:19,351 - INFO - etimad.orchestrator - Starting metadata collection phase
2025-07-06 16:08:19,351 - INFO - etimad.metadata - Starting metadata extraction for: حوكمة البيانات
2025-07-06 16:08:20,103 - DEBUG - etimad.metadata - Attempt 1: Navigating to Etimad...
2025-07-06 16:08:47,683 - DEBUG - etimad.metadata - Extracting tender cards...
2025-07-06 16:08:48,359 - INFO - etimad.metadata - Found 3 tenders for حوكمة البيانات
2025-07-06 16:08:48,376 - INFO - etimad.metadata - Total unique tenders found: 3
2025-07-06 16:08:48,376 - INFO - etimad.orchestrator - Starting detail extraction phase
2025-07-06 16:08:48,376 - INFO - etimad.details - Processing batch 1 of 1
2025-07-06 16:09:14,842 - DEBUG - etimad.details - Extracted tender: 20-2025
2025-07-06 16:09:49,723 - WARNING - etimad.details - Attempt 1 failed for https://tenders.etimad.sa/Tender/DetailsForVisitor?STenderId=PB 3elUhXsxSX68yYEkQpA==: Page.goto: Timeout 60000ms exceeded.
Call log:
  - navigating to "https://tenders.etimad.sa/Tender/DetailsForVisitor?STenderId=PB%203elUhXsxSX68yYEkQpA==", waiting until "networkidle"

2025-07-06 16:09:49,781 - WARNING - etimad.details - Attempt 1 failed for https://tenders.etimad.sa/Tender/DetailsForVisitor?STenderId=FQBfbgojPzEsnoIC5oPFew==: Page.goto: Timeout 60000ms exceeded.
Call log:
  - navigating to "https://tenders.etimad.sa/Tender/DetailsForVisitor?STenderId=FQBfbgojPzEsnoIC5oPFew==", waiting until "networkidle"

2025-07-06 16:10:13,452 - DEBUG - etimad.details - Extracted tender: 107247
2025-07-06 16:10:15,804 - DEBUG - etimad.details - Extracted tender: PR-00225
2025-07-06 16:10:16,182 - INFO - etimad.orchestrator - Starting data persistence phase
2025-07-06 16:10:16,195 - WARNING - etimad.db - Ignored unknown columns in tender 20-2025: ['الرقم_المرجعي', 'قيمة_وثائق_المنافسة', 'مدة_العقد', 'هل_التأمين_من_متطلبات_المنافسة', 'نوع_المنافسة']
2025-07-06 16:10:16,202 - DEBUG - etimad.db - Replaced tender: 20-2025
2025-07-06 16:10:16,203 - WARNING - etimad.db - Ignored unknown columns in tender 107247: ['الرقم_المرجعي', 'قيمة_وثائق_المنافسة', 'مدة_العقد', 'هل_التأمين_من_متطلبات_المنافسة', 'نوع_المنافسة']
2025-07-06 16:10:16,206 - DEBUG - etimad.db - Replaced tender: 107247
2025-07-06 16:10:16,207 - WARNING - etimad.db - Ignored unknown columns in tender PR-00225: ['الرقم_المرجعي', 'قيمة_وثائق_المنافسة', 'مدة_العقد', 'هل_التأمين_من_متطلبات_المنافسة', 'نوع_المنافسة']
2025-07-06 16:10:16,209 - DEBUG - etimad.db - Replaced tender: PR-00225
2025-07-06 16:10:16,210 - INFO - etimad.orchestrator - ✅ Pipeline completed. Successfully saved 3/3 tenders
2025-07-06 16:10:36,340 - INFO - etimad.db - Database connection pool initialized
2025-07-06 16:10:36,386 - INFO - etimad.db - Database tables initialized
2025-07-06 16:10:36,386 - INFO - etimad.orchestrator - Starting metadata collection phase
2025-07-06 16:10:36,386 - INFO - etimad.metadata - Starting metadata extraction for: حوكمة البيانات
2025-07-06 16:10:37,182 - DEBUG - etimad.metadata - Attempt 1: Navigating to Etimad...
2025-07-06 16:12:07,201 - WARNING - etimad.metadata - Navigation attempt 1 failed: Page.goto: Timeout 90000ms exceeded.
Call log:
  - navigating to "https://tenders.etimad.sa/Tender/AllTendersForVisitor", waiting until "networkidle"

2025-07-06 16:12:07,201 - DEBUG - etimad.metadata - Attempt 2: Navigating to Etimad...
2025-07-06 16:12:33,252 - DEBUG - etimad.metadata - Extracting tender cards...
2025-07-06 16:12:33,628 - INFO - etimad.metadata - Found 3 tenders for حوكمة البيانات
2025-07-06 16:12:33,643 - INFO - etimad.metadata - Total unique tenders found: 3
2025-07-06 16:12:33,643 - INFO - etimad.orchestrator - Starting detail extraction phase
2025-07-06 16:12:33,643 - INFO - etimad.details - Processing batch 1 of 1
2025-07-06 16:13:35,132 - WARNING - etimad.details - Attempt 1 failed for https://tenders.etimad.sa/Tender/DetailsForVisitor?STenderId=PB 3elUhXsxSX68yYEkQpA==: Page.goto: Timeout 60000ms exceeded.
Call log:
  - navigating to "https://tenders.etimad.sa/Tender/DetailsForVisitor?STenderId=PB%203elUhXsxSX68yYEkQpA==", waiting until "networkidle"

2025-07-06 16:13:35,132 - WARNING - etimad.details - Attempt 1 failed for https://tenders.etimad.sa/Tender/DetailsForVisitor?STenderId=I52jjozg8vtRztwoeCz*@@**pA==: Page.goto: Timeout 60000ms exceeded.
Call log:
  - navigating to "https://tenders.etimad.sa/Tender/DetailsForVisitor?STenderId=I52jjozg8vtRztwoeCz*@@**pA==", waiting until "networkidle"

2025-07-06 16:13:35,132 - WARNING - etimad.details - Attempt 1 failed for https://tenders.etimad.sa/Tender/DetailsForVisitor?STenderId=FQBfbgojPzEsnoIC5oPFew==: Page.goto: Timeout 60000ms exceeded.
Call log:
  - navigating to "https://tenders.etimad.sa/Tender/DetailsForVisitor?STenderId=FQBfbgojPzEsnoIC5oPFew==", waiting until "networkidle"

2025-07-06 16:13:58,870 - DEBUG - etimad.details - Extracted tender: 107247
2025-07-06 16:13:58,879 - DEBUG - etimad.details - Extracted tender: PR-00225
2025-07-06 16:13:58,892 - DEBUG - etimad.details - Extracted tender: 20-2025
2025-07-06 16:13:59,690 - INFO - etimad.orchestrator - Starting data persistence phase
2025-07-06 16:13:59,695 - WARNING - etimad.db - Ignored unknown columns in tender 107247: ['الرقم_المرجعي', 'قيمة_وثائق_المنافسة', 'مدة_العقد', 'هل_التأمين_من_متطلبات_المنافسة', 'نوع_المنافسة']
2025-07-06 16:13:59,707 - DEBUG - etimad.db - Replaced tender: 107247
2025-07-06 16:13:59,707 - WARNING - etimad.db - Ignored unknown columns in tender PR-00225: ['الرقم_المرجعي', 'قيمة_وثائق_المنافسة', 'مدة_العقد', 'هل_التأمين_من_متطلبات_المنافسة', 'نوع_المنافسة']
2025-07-06 16:13:59,716 - DEBUG - etimad.db - Replaced tender: PR-00225
2025-07-06 16:13:59,717 - WARNING - etimad.db - Ignored unknown columns in tender 20-2025: ['الرقم_المرجعي', 'قيمة_وثائق_المنافسة', 'مدة_العقد', 'هل_التأمين_من_متطلبات_المنافسة', 'نوع_المنافسة']
2025-07-06 16:13:59,721 - DEBUG - etimad.db - Replaced tender: 20-2025
2025-07-06 16:13:59,724 - INFO - etimad.orchestrator - ✅ Pipeline completed. Successfully saved 3/3 tenders
2025-07-06 16:17:16,096 - INFO - etimad.db - Database connection pool initialized
2025-07-06 16:17:16,218 - INFO - etimad.db - Database tables initialized
2025-07-06 16:17:16,218 - INFO - etimad.orchestrator - Starting metadata collection phase
2025-07-06 16:17:16,218 - INFO - etimad.metadata - Starting metadata extraction for: حوكمة البيانات
2025-07-06 16:17:17,006 - DEBUG - etimad.metadata - Attempt 1: Navigating to Etimad...
2025-07-06 16:17:44,801 - DEBUG - etimad.metadata - Extracting tender cards...
2025-07-06 16:17:45,416 - INFO - etimad.metadata - Found 3 tenders for حوكمة البيانات
2025-07-06 16:17:45,434 - INFO - etimad.metadata - Total unique tenders found: 3
2025-07-06 16:17:45,435 - INFO - etimad.orchestrator - Starting detail extraction phase
2025-07-06 16:17:45,435 - INFO - etimad.details - Processing batch 1 of 1
2025-07-06 16:18:46,743 - WARNING - etimad.details - Attempt 1 failed for https://tenders.etimad.sa/Tender/DetailsForVisitor?STenderId=I52jjozg8vtRztwoeCz*@@**pA==: Page.goto: Timeout 60000ms exceeded.
Call log:
  - navigating to "https://tenders.etimad.sa/Tender/DetailsForVisitor?STenderId=I52jjozg8vtRztwoeCz*@@**pA==", waiting until "networkidle"

2025-07-06 16:18:46,743 - WARNING - etimad.details - Attempt 1 failed for https://tenders.etimad.sa/Tender/DetailsForVisitor?STenderId=FQBfbgojPzEsnoIC5oPFew==: Page.goto: Timeout 60000ms exceeded.
Call log:
  - navigating to "https://tenders.etimad.sa/Tender/DetailsForVisitor?STenderId=FQBfbgojPzEsnoIC5oPFew==", waiting until "networkidle"

2025-07-06 16:18:46,748 - WARNING - etimad.details - Attempt 1 failed for https://tenders.etimad.sa/Tender/DetailsForVisitor?STenderId=PB 3elUhXsxSX68yYEkQpA==: Page.goto: Timeout 60000ms exceeded.
Call log:
  - navigating to "https://tenders.etimad.sa/Tender/DetailsForVisitor?STenderId=PB%203elUhXsxSX68yYEkQpA==", waiting until "networkidle"

2025-07-06 16:19:10,615 - DEBUG - etimad.details - Extracted tender: PR-00225
2025-07-06 16:19:10,670 - DEBUG - etimad.details - Extracted tender: 107247
2025-07-06 16:19:10,741 - DEBUG - etimad.details - Extracted tender: 20-2025
2025-07-06 16:19:11,416 - INFO - etimad.orchestrator - Starting data persistence phase
2025-07-06 16:19:11,427 - ERROR - etimad.orchestrator - Failed to save tender: PR-00225. Error: 'DatabaseManager' object has no attribute 'replace_tender'
2025-07-06 16:19:11,427 - ERROR - etimad.orchestrator - Failed to save tender: 107247. Error: 'DatabaseManager' object has no attribute 'replace_tender'
2025-07-06 16:19:11,427 - ERROR - etimad.orchestrator - Failed to save tender: 20-2025. Error: 'DatabaseManager' object has no attribute 'replace_tender'
2025-07-06 16:19:11,427 - INFO - etimad.orchestrator - ✅ Pipeline completed. Successfully saved 0/3 tenders
2025-07-06 16:25:05,881 - INFO - etimad.db - Database connection pool initialized
2025-07-06 16:25:06,005 - INFO - etimad.db - Database tables initialized
2025-07-06 16:25:06,007 - INFO - etimad.orchestrator - Starting metadata collection phase
2025-07-06 16:25:06,007 - INFO - etimad.metadata - Starting metadata extraction for: حوكمة البيانات
2025-07-06 16:25:06,827 - DEBUG - etimad.metadata - Attempt 1: Navigating to Etimad...
2025-07-06 16:26:36,841 - WARNING - etimad.metadata - Navigation attempt 1 failed: Page.goto: Timeout 90000ms exceeded.
Call log:
  - navigating to "https://tenders.etimad.sa/Tender/AllTendersForVisitor", waiting until "networkidle"

2025-07-06 16:26:36,841 - DEBUG - etimad.metadata - Attempt 2: Navigating to Etimad...
2025-07-06 16:27:14,458 - DEBUG - etimad.metadata - Extracting tender cards...
2025-07-06 16:27:14,914 - INFO - etimad.metadata - Found 3 tenders for حوكمة البيانات
2025-07-06 16:27:14,935 - INFO - etimad.metadata - Total unique tenders found: 3
2025-07-06 16:27:14,940 - INFO - etimad.orchestrator - Starting detail extraction phase
2025-07-06 16:27:14,942 - INFO - etimad.details - Processing batch 1 of 1
2025-07-06 16:28:34,510 - INFO - etimad.db - Database connection pool initialized
2025-07-06 16:28:34,644 - INFO - etimad.db - Database tables initialized
2025-07-06 16:28:34,649 - INFO - etimad.orchestrator - Starting metadata collection phase
2025-07-06 16:28:34,649 - INFO - etimad.metadata - Starting metadata extraction for: حوكمة البيانات
2025-07-06 16:28:35,420 - DEBUG - etimad.metadata - Attempt 1: Navigating to Etimad...
2025-07-06 16:29:02,838 - DEBUG - etimad.metadata - Extracting tender cards...
2025-07-06 16:29:03,272 - INFO - etimad.metadata - Found 3 tenders for حوكمة البيانات
2025-07-06 16:29:03,293 - INFO - etimad.metadata - Total unique tenders found: 3
2025-07-06 16:29:03,294 - INFO - etimad.orchestrator - Starting detail extraction phase
2025-07-06 16:29:03,294 - INFO - etimad.details - Processing batch 1 of 1
2025-07-06 16:29:29,962 - DEBUG - etimad.details - Extracted tender: PR-00225
2025-07-06 16:30:04,748 - WARNING - etimad.details - Attempt 1 failed for https://tenders.etimad.sa/Tender/DetailsForVisitor?STenderId=I52jjozg8vtRztwoeCz*@@**pA==: Page.goto: Timeout 60000ms exceeded.
Call log:
  - navigating to "https://tenders.etimad.sa/Tender/DetailsForVisitor?STenderId=I52jjozg8vtRztwoeCz*@@**pA==", waiting until "networkidle"

2025-07-06 16:30:04,766 - WARNING - etimad.details - Attempt 1 failed for https://tenders.etimad.sa/Tender/DetailsForVisitor?STenderId=FQBfbgojPzEsnoIC5oPFew==: Page.goto: Timeout 60000ms exceeded.
Call log:
  - navigating to "https://tenders.etimad.sa/Tender/DetailsForVisitor?STenderId=FQBfbgojPzEsnoIC5oPFew==", waiting until "networkidle"

2025-07-06 16:30:28,160 - DEBUG - etimad.details - Extracted tender: 20-2025
2025-07-06 16:30:28,505 - DEBUG - etimad.details - Extracted tender: 107247
2025-07-06 16:30:28,910 - INFO - etimad.orchestrator - Starting data persistence phase
2025-07-06 16:30:28,922 - ERROR - etimad.orchestrator - Failed to save tender: PR-00225. Error: 'رقم المنافسة'
2025-07-06 16:30:28,923 - ERROR - etimad.orchestrator - Failed to save tender: 20-2025. Error: 'رقم المنافسة'
2025-07-06 16:30:28,925 - ERROR - etimad.orchestrator - Failed to save tender: 107247. Error: 'رقم المنافسة'
2025-07-06 16:30:28,926 - INFO - etimad.orchestrator - ✅ Pipeline completed. Successfully saved 0/3 tenders
2025-07-06 16:43:04,230 - INFO - etimad.db - Database connection pool initialized
2025-07-06 16:47:04,399 - INFO - etimad.db - Database connection pool initialized
2025-07-06 16:47:04,533 - INFO - etimad.db - Database tables initialized
2025-07-06 16:47:04,533 - INFO - etimad.orchestrator - Starting metadata collection phase
2025-07-06 16:47:04,533 - INFO - etimad.metadata - Starting metadata extraction for: حوكمة البيانات
2025-07-06 16:47:04,533 - INFO - etimad.metadata - Starting metadata extraction for: استراتيجية البيانات
2025-07-06 16:47:04,533 - INFO - etimad.metadata - Starting metadata extraction for: ادارة الجودة
2025-07-06 16:47:04,533 - INFO - etimad.metadata - Starting metadata extraction for: الحوسبة السحابية
2025-07-06 16:47:04,539 - INFO - etimad.metadata - Starting metadata extraction for: أمن المعلومات
2025-07-06 16:47:04,539 - INFO - etimad.metadata - Starting metadata extraction for: تحليل البيانات
2025-07-06 16:47:06,309 - DEBUG - etimad.metadata - Navigation attempt 1
2025-07-06 16:47:06,430 - DEBUG - etimad.metadata - Navigation attempt 1
2025-07-06 16:47:06,497 - DEBUG - etimad.metadata - Navigation attempt 1
2025-07-06 16:47:06,535 - DEBUG - etimad.metadata - Navigation attempt 1
2025-07-06 16:47:06,595 - DEBUG - etimad.metadata - Navigation attempt 1
2025-07-06 16:47:06,642 - DEBUG - etimad.metadata - Navigation attempt 1
2025-07-06 16:47:17,979 - ERROR - etimad.metadata - Error in metadata extraction: Event loop is closed
2025-07-06 16:47:18,000 - ERROR - etimad.metadata - Error in metadata extraction: Event loop is closed
2025-07-06 16:47:18,008 - ERROR - etimad.metadata - Error in metadata extraction: Event loop is closed
2025-07-06 16:47:18,014 - ERROR - etimad.metadata - Error in metadata extraction: Event loop is closed
2025-07-06 16:47:18,036 - ERROR - etimad.metadata - Error in metadata extraction: Event loop is closed
2025-07-06 16:47:18,046 - ERROR - etimad.metadata - Error in metadata extraction: Event loop is closed
2025-07-06 16:47:28,236 - INFO - etimad.db - Database connection pool initialized
2025-07-06 16:47:28,290 - INFO - etimad.db - Database tables initialized
2025-07-06 16:47:28,290 - INFO - etimad.orchestrator - Starting metadata collection phase
2025-07-06 16:47:28,290 - INFO - etimad.metadata - Starting metadata extraction for: حوكمة البيانات
2025-07-06 16:47:28,290 - INFO - etimad.metadata - Starting metadata extraction for: استراتيجية البيانات
2025-07-06 16:47:28,290 - INFO - etimad.metadata - Starting metadata extraction for: ادارة الجودة
2025-07-06 16:47:29,449 - DEBUG - etimad.metadata - Navigation attempt 1
2025-07-06 16:47:29,521 - DEBUG - etimad.metadata - Navigation attempt 1
2025-07-06 16:47:29,561 - DEBUG - etimad.metadata - Navigation attempt 1
2025-07-06 16:47:35,721 - ERROR - etimad.metadata - Error in metadata extraction: Event loop is closed
2025-07-06 16:47:35,732 - ERROR - etimad.metadata - Error in metadata extraction: Event loop is closed
2025-07-06 16:47:35,741 - ERROR - etimad.metadata - Error in metadata extraction: Event loop is closed
2025-07-06 16:47:49,159 - INFO - etimad.db - Database connection pool initialized
2025-07-06 16:47:49,228 - INFO - etimad.db - Database tables initialized
2025-07-06 16:47:49,230 - INFO - etimad.orchestrator - Starting metadata collection phase
2025-07-06 16:47:49,230 - INFO - etimad.metadata - Starting metadata extraction for: حوكمة البيانات
2025-07-06 16:47:49,946 - DEBUG - etimad.metadata - Navigation attempt 1
2025-07-06 16:48:50,465 - ERROR - etimad.metadata - Navigation failed after 1 attempts: Page.goto: Timeout 60000ms exceeded.
Call log:
  - navigating to "https://tenders.etimad.sa/Tender/AllTendersForVisitor", waiting until "networkidle"

2025-07-06 16:48:50,802 - ERROR - etimad.metadata - Error in metadata extraction: Page.goto: Timeout 60000ms exceeded.
Call log:
  - navigating to "https://tenders.etimad.sa/Tender/AllTendersForVisitor", waiting until "networkidle"

2025-07-06 16:48:50,802 - INFO - etimad.metadata - Total unique tenders found: 0
2025-07-06 16:48:50,807 - WARNING - etimad.orchestrator - No metadata found - aborting pipeline
2025-07-06 16:51:06,409 - INFO - etimad.db - Database connection pool initialized
2025-07-06 16:51:06,470 - INFO - etimad.db - Database tables initialized
2025-07-06 16:51:06,470 - INFO - etimad.orchestrator - Starting metadata collection phase
2025-07-06 16:51:06,470 - INFO - etimad.metadata - Starting metadata extraction for: حوكمة البيانات
2025-07-06 16:51:07,235 - DEBUG - etimad.metadata - Attempt 1: Navigating to Etimad...
2025-07-06 16:51:34,486 - DEBUG - etimad.metadata - Extracting tender cards...
2025-07-06 16:51:35,130 - INFO - etimad.metadata - Found 3 tenders for حوكمة البيانات
2025-07-06 16:51:35,145 - INFO - etimad.metadata - Total unique tenders found: 3
2025-07-06 16:51:35,145 - INFO - etimad.orchestrator - Starting detail extraction phase
2025-07-06 16:51:35,145 - INFO - etimad.details - Processing batch 1 of 1
2025-07-06 16:52:01,345 - DEBUG - etimad.details - Extracted tender: PR-00225
2025-07-06 16:52:01,698 - DEBUG - etimad.details - Extracted tender: 20-2025
2025-07-06 16:52:02,014 - DEBUG - etimad.details - Extracted tender: 107247
2025-07-06 16:52:02,979 - INFO - etimad.orchestrator - Starting data persistence phase
2025-07-06 16:52:02,994 - DEBUG - etimad.db - Upserted tender: PR-00225
2025-07-06 16:52:02,997 - DEBUG - etimad.db - Upserted tender: 20-2025
2025-07-06 16:52:03,002 - DEBUG - etimad.db - Upserted tender: 107247
2025-07-06 16:52:03,003 - INFO - etimad.orchestrator - ✅ Pipeline completed. Successfully saved 3/3 tenders
2025-07-06 16:55:54,789 - INFO - etimad.db - Database connection pool initialized
2025-07-06 16:55:54,913 - INFO - etimad.db - Database tables initialized
2025-07-06 16:55:54,918 - INFO - etimad.orchestrator - Starting metadata collection phase
2025-07-06 16:55:54,918 - INFO - etimad.metadata - Starting metadata extraction for: حوكمة البيانات
2025-07-06 16:55:54,918 - INFO - etimad.metadata - Starting metadata extraction for: استراتيجية البيانات
2025-07-06 16:55:54,918 - INFO - etimad.metadata - Starting metadata extraction for: ذكاء الأعمال
2025-07-06 16:55:56,160 - DEBUG - etimad.metadata - Attempt 1: Navigating to Etimad...
2025-07-06 16:55:56,190 - DEBUG - etimad.metadata - Attempt 1: Navigating to Etimad...
2025-07-06 16:55:56,202 - DEBUG - etimad.metadata - Attempt 1: Navigating to Etimad...
2025-07-06 16:57:26,175 - WARNING - etimad.metadata - Navigation attempt 1 failed: Page.goto: Timeout 90000ms exceeded.
Call log:
  - navigating to "https://tenders.etimad.sa/Tender/AllTendersForVisitor", waiting until "networkidle"

2025-07-06 16:57:26,176 - DEBUG - etimad.metadata - Attempt 2: Navigating to Etimad...
2025-07-06 16:57:26,194 - WARNING - etimad.metadata - Navigation attempt 1 failed: Page.goto: Timeout 90000ms exceeded.
Call log:
  - navigating to "https://tenders.etimad.sa/Tender/AllTendersForVisitor", waiting until "networkidle"

2025-07-06 16:57:26,195 - DEBUG - etimad.metadata - Attempt 2: Navigating to Etimad...
2025-07-06 16:57:26,209 - WARNING - etimad.metadata - Navigation attempt 1 failed: Page.goto: Timeout 90000ms exceeded.
Call log:
  - navigating to "https://tenders.etimad.sa/Tender/AllTendersForVisitor", waiting until "networkidle"

2025-07-06 16:57:26,210 - DEBUG - etimad.metadata - Attempt 2: Navigating to Etimad...
2025-07-06 16:57:52,230 - DEBUG - etimad.metadata - Extracting tender cards...
2025-07-06 16:57:52,448 - DEBUG - etimad.metadata - Extracting tender cards...
2025-07-06 16:57:52,545 - DEBUG - etimad.metadata - Extracting tender cards...
2025-07-06 16:57:53,049 - INFO - etimad.metadata - Found 3 tenders for حوكمة البيانات
2025-07-06 16:57:53,192 - INFO - etimad.metadata - Found 1 tenders for استراتيجية البيانات
2025-07-06 16:57:53,252 - INFO - etimad.metadata - Found 4 tenders for ذكاء الأعمال
2025-07-06 16:57:53,274 - INFO - etimad.metadata - Total unique tenders found: 6
2025-07-06 16:57:53,274 - INFO - etimad.orchestrator - Starting detail extraction phase
2025-07-06 16:57:53,275 - INFO - etimad.details - Processing batch 1 of 1
2025-07-06 16:58:54,747 - WARNING - etimad.details - Attempt 1 failed for https://tenders.etimad.sa/Tender/DetailsForVisitor?STenderId=FQBfbgojPzEsnoIC5oPFew==: Page.goto: Timeout 60000ms exceeded.
Call log:
  - navigating to "https://tenders.etimad.sa/Tender/DetailsForVisitor?STenderId=FQBfbgojPzEsnoIC5oPFew==", waiting until "networkidle"

2025-07-06 16:58:54,929 - WARNING - etimad.details - Attempt 1 failed for https://tenders.etimad.sa/Tender/DetailsForVisitor?STenderId=I52jjozg8vtRztwoeCz*@@**pA==: Page.goto: Timeout 60000ms exceeded.
Call log:
  - navigating to "https://tenders.etimad.sa/Tender/DetailsForVisitor?STenderId=I52jjozg8vtRztwoeCz*@@**pA==", waiting until "networkidle"

2025-07-06 16:58:54,997 - WARNING - etimad.details - Attempt 1 failed for https://tenders.etimad.sa/Tender/DetailsForVisitor?STenderId=iV*@@**FTnJ2CCILymSAuGmiWQ==: Page.goto: Timeout 60000ms exceeded.
Call log:
  - navigating to "https://tenders.etimad.sa/Tender/DetailsForVisitor?STenderId=iV*@@**FTnJ2CCILymSAuGmiWQ==", waiting until "networkidle"

2025-07-06 16:58:54,997 - WARNING - etimad.details - Attempt 1 failed for https://tenders.etimad.sa/Tender/DetailsForVisitor?STenderId=kYg2FysCHQjhb8UFXnB3ww==: Page.goto: Timeout 60000ms exceeded.
Call log:
  - navigating to "https://tenders.etimad.sa/Tender/DetailsForVisitor?STenderId=kYg2FysCHQjhb8UFXnB3ww==", waiting until "networkidle"

2025-07-06 16:58:55,029 - WARNING - etimad.details - Attempt 1 failed for https://tenders.etimad.sa/Tender/DetailsForVisitor?STenderId=PB 3elUhXsxSX68yYEkQpA==: Page.goto: Timeout 60000ms exceeded.
Call log:
  - navigating to "https://tenders.etimad.sa/Tender/DetailsForVisitor?STenderId=PB%203elUhXsxSX68yYEkQpA==", waiting until "networkidle"

2025-07-06 16:59:18,659 - DEBUG - etimad.details - Extracted tender: 107247
2025-07-06 16:59:18,829 - DEBUG - etimad.details - Extracted tender: 20-2025
2025-07-06 16:59:18,887 - DEBUG - etimad.details - Extracted tender: 59/2025
2025-07-06 16:59:19,021 - DEBUG - etimad.details - Extracted tender: 2112
2025-07-06 16:59:19,209 - DEBUG - etimad.details - Extracted tender: PR-00225
2025-07-06 17:00:20,830 - WARNING - etimad.details - Attempt 1 failed for https://tenders.etimad.sa/Tender/DetailsForVisitor?STenderId=bmLJ22SP0JGprYQ3s7BkxA==: Page.goto: Timeout 60000ms exceeded.
Call log:
  - navigating to "https://tenders.etimad.sa/Tender/DetailsForVisitor?STenderId=bmLJ22SP0JGprYQ3s7BkxA==", waiting until "networkidle"

2025-07-06 17:00:44,842 - DEBUG - etimad.details - Extracted tender: 2025/04-05
2025-07-06 17:00:45,533 - INFO - etimad.orchestrator - Starting data persistence phase
2025-07-06 17:00:45,548 - DEBUG - etimad.db - Upserted tender: 107247
2025-07-06 17:00:45,552 - DEBUG - etimad.db - Upserted tender: 20-2025
2025-07-06 17:00:45,556 - DEBUG - etimad.db - Upserted tender: 59/2025
2025-07-06 17:00:45,559 - DEBUG - etimad.db - Upserted tender: 2112
2025-07-06 17:00:45,563 - DEBUG - etimad.db - Upserted tender: PR-00225
2025-07-06 17:00:45,565 - DEBUG - etimad.db - Upserted tender: 2025/04-05
2025-07-06 17:00:45,566 - INFO - etimad.orchestrator - ✅ Pipeline completed. Successfully saved 6/6 tenders
